0 info it worked if it ends with ok
1 verbose cli [ '/usr/bin/nodejs', '/usr/bin/npm', 'publish' ]
2 info using npm@1.4.21
3 info using node@v0.10.25
4 verbose publish [ '.' ]
5 verbose cache add [ '.', null ]
6 verbose cache add name=undefined spec="." args=[".",null]
7 verbose parsed url { protocol: null,
7 verbose parsed url   slashes: null,
7 verbose parsed url   auth: null,
7 verbose parsed url   host: null,
7 verbose parsed url   port: null,
7 verbose parsed url   hostname: null,
7 verbose parsed url   hash: null,
7 verbose parsed url   search: null,
7 verbose parsed url   query: null,
7 verbose parsed url   pathname: '.',
7 verbose parsed url   path: '.',
7 verbose parsed url   href: '.' }
8 silly lockFile 3a52ce78- .
9 verbose lock . /home/tom/.npm/3a52ce78-.lock
10 verbose tar pack [ '/home/tom/.npm/surge/0.1.0/package.tgz', '.' ]
11 verbose tarball /home/tom/.npm/surge/0.1.0/package.tgz
12 verbose folder .
13 info prepublish surge@0.1.0
14 silly lockFile 1f1177db-tar tar://.
15 verbose lock tar://. /home/tom/.npm/1f1177db-tar.lock
16 silly lockFile 3a4270b5--tom-npm-surge-0-1-0-package-tgz tar:///home/tom/.npm/surge/0.1.0/package.tgz
17 verbose lock tar:///home/tom/.npm/surge/0.1.0/package.tgz /home/tom/.npm/3a4270b5--tom-npm-surge-0-1-0-package-tgz.lock
18 silly lockFile 1f1177db-tar tar://.
19 silly lockFile 1f1177db-tar tar://.
20 silly lockFile 3a4270b5--tom-npm-surge-0-1-0-package-tgz tar:///home/tom/.npm/surge/0.1.0/package.tgz
21 silly lockFile 3a4270b5--tom-npm-surge-0-1-0-package-tgz tar:///home/tom/.npm/surge/0.1.0/package.tgz
22 silly lockFile 75d99d66-home-tom-npm-surge-0-1-0-package /home/tom/.npm/surge/0.1.0/package
23 verbose lock /home/tom/.npm/surge/0.1.0/package /home/tom/.npm/75d99d66-home-tom-npm-surge-0-1-0-package.lock
24 silly lockFile 75d99d66-home-tom-npm-surge-0-1-0-package /home/tom/.npm/surge/0.1.0/package
25 silly lockFile 75d99d66-home-tom-npm-surge-0-1-0-package /home/tom/.npm/surge/0.1.0/package
26 silly lockFile 3a52ce78- .
27 silly lockFile 3a52ce78- .
28 silly publish { name: 'surge',
28 silly publish   version: '0.1.0',
28 silly publish   description: 'Simple, Responsive, Grids',
28 silly publish   main: 'index.html',
28 silly publish   repository: { type: 'git', url: 'git://github.com/rockerest/surge-css.git' },
28 silly publish   scripts: { test: 'echo "Error: no test specified" && exit 1' },
28 silly publish   keywords: [ 'simple', 'responsive', 'grid', 'css', 'sass' ],
28 silly publish   author: { name: 'Tom Randolph', email: 'websites@thomasrandolph.info' },
28 silly publish   license: 'MIT',
28 silly publish   bugs: { url: 'https://github.com/rockerest/surge-css/issues' },
28 silly publish   homepage: 'https://github.com/rockerest/surge-css',
28 silly publish   devDependencies:
28 silly publish    { grunt: '^0.4.5',
28 silly publish      'grunt-sass': '^1.1.0',
28 silly publish      'load-grunt-configs': '^0.4.3',
28 silly publish      'load-grunt-tasks': '^3.3.0' },
28 silly publish   gitHead: '06b67dd9e3668eb7572d1542ebe12730e4633c70',
28 silly publish   readme: 'ERROR: No README data found!',
28 silly publish   _id: 'surge@0.1.0',
28 silly publish   _shasum: '7be753bb51eb34f514625ba3850dc3018f10f51b',
28 silly publish   _from: '.' }
29 verbose request where is /surge
30 verbose request registry https://registry.npmjs.org/
31 verbose request id ff4eaa7e96d55eda
32 verbose url raw /surge
33 verbose url resolving [ 'https://registry.npmjs.org/', './surge' ]
34 verbose url resolved https://registry.npmjs.org/surge
35 verbose request where is https://registry.npmjs.org/surge
36 info trying registry request attempt 1 at 03:28:54
37 http PUT https://registry.npmjs.org/surge
38 http 403 https://registry.npmjs.org/surge
39 verbose headers { 'content-type': 'application/json',
39 verbose headers   'cache-control': 'max-age=60',
39 verbose headers   'content-length': '97',
39 verbose headers   'accept-ranges': 'bytes',
39 verbose headers   date: 'Sat, 28 Nov 2015 08:28:55 GMT',
39 verbose headers   via: '1.1 varnish',
39 verbose headers   connection: 'keep-alive',
39 verbose headers   'x-served-by': 'cache-atl6231-ATL',
39 verbose headers   'x-cache': 'MISS',
39 verbose headers   'x-cache-hits': '0',
39 verbose headers   'x-timer': 'S1448699334.518209,VS0,VE779' }
40 error publish Failed PUT 403
41 error Error: You do not have permission to publish 'surge'. Are you logged in as the correct user? : surge
41 error     at RegClient.<anonymous> (/usr/share/npm/node_modules/npm-registry-client/lib/request.js:300:14)
41 error     at Request._callback (/usr/share/npm/node_modules/npm-registry-client/lib/request.js:238:65)
41 error     at Request.self.callback (/usr/lib/nodejs/request/index.js:148:22)
41 error     at Request.EventEmitter.emit (events.js:98:17)
41 error     at Request.<anonymous> (/usr/lib/nodejs/request/index.js:896:14)
41 error     at Request.EventEmitter.emit (events.js:117:20)
41 error     at IncomingMessage.<anonymous> (/usr/lib/nodejs/request/index.js:847:12)
41 error     at IncomingMessage.EventEmitter.emit (events.js:117:20)
41 error     at _stream_readable.js:920:16
41 error     at process._tickCallback (node.js:415:13)
42 error If you need help, you may report this *entire* log,
42 error including the npm and node versions, at:
42 error     <http://github.com/npm/npm/issues>
43 error System Linux 4.2.0-16-generic
44 error command "/usr/bin/nodejs" "/usr/bin/npm" "publish"
45 error cwd /home/tom/develop/surge
46 error node -v v0.10.25
47 error npm -v 1.4.21
48 verbose exit [ 1, true ]
